{"level":"info","message":"Connected to MongoDB","timestamp":"2025-09-15T17:27:52.261Z"}
{"level":"info","message":"Connected to MongoDB","timestamp":"2025-09-15T17:30:22.511Z"}
{"level":"info","message":"Connected to MongoDB","timestamp":"2025-09-15T18:06:25.810Z"}
{"level":"info","message":"Connected to MongoDB","timestamp":"2025-09-15T18:14:29.075Z"}
{"level":"info","message":"Connected to MongoDB","timestamp":"2025-09-16T10:57:47.382Z"}
{"level":"info","message":"Connected to MongoDB","timestamp":"2025-09-16T12:01:37.394Z"}
{"level":"info","message":"Connected to MongoDB","timestamp":"2025-09-16T12:17:59.111Z"}
{"level":"info","message":"Connected to MongoDB","timestamp":"2025-09-16T12:20:39.393Z"}
{"level":"info","message":"Connected to MongoDB","timestamp":"2025-09-16T12:30:48.832Z"}
{"level":"info","message":"Connected to MongoDB","timestamp":"2025-09-16T12:32:26.826Z"}
{"level":"info","message":"Connected to MongoDB","timestamp":"2025-09-16T12:49:37.936Z"}
{"level":"info","message":"New user registered: rohini289@gmail.com","timestamp":"2025-09-16T12:50:05.409Z"}
{"level":"info","message":"New user registered: rohini289@gmail.com","timestamp":"2025-09-16T12:55:10.049Z"}
{"level":"info","message":"Connected to MongoDB","timestamp":"2025-09-16T13:19:48.162Z"}
{"level":"info","message":"Connected to MongoDB","timestamp":"2025-09-16T13:28:37.739Z"}
{"level":"info","message":"Connected to MongoDB","timestamp":"2025-09-16T13:50:25.947Z"}
{"level":"info","message":"Connected to MongoDB","timestamp":"2025-09-16T15:23:04.355Z"}
{"level":"info","message":"Connected to MongoDB","timestamp":"2025-09-16T15:31:05.265Z"}
{"level":"info","message":"Connected to MongoDB","timestamp":"2025-09-16T15:36:19.869Z"}
{"level":"info","message":"Connected to MongoDB","timestamp":"2025-09-16T15:38:01.321Z"}
{"level":"info","message":"Connected to MongoDB","timestamp":"2025-09-16T15:41:03.457Z"}
{"level":"info","message":"Connected to MongoDB","timestamp":"2025-09-16T15:49:55.452Z"}
{"level":"info","message":"New user registered: nira24@gmail.com","timestamp":"2025-09-16T15:50:30.826Z"}
{"level":"info","message":"Connected to MongoDB","timestamp":"2025-09-16T15:55:18.117Z"}
{"level":"info","message":"Connected to MongoDB","timestamp":"2025-09-16T16:09:08.479Z"}
{"level":"info","message":"Connected to MongoDB","timestamp":"2025-09-16T16:14:26.979Z"}
{"level":"info","message":"Connected to MongoDB","timestamp":"2025-09-16T16:17:42.887Z"}
{"level":"info","message":"Connected to MongoDB","timestamp":"2025-09-16T16:20:12.699Z"}
{"level":"info","message":"Connected to MongoDB","timestamp":"2025-09-16T16:25:28.620Z"}
{"level":"info","message":"User logged in: rohini289@gmail.com","timestamp":"2025-09-16T16:26:06.114Z"}
{"level":"info","message":"Connected to MongoDB","timestamp":"2025-09-16T16:39:58.848Z"}
{"level":"info","message":"User logged in: rohini289@gmail.com","timestamp":"2025-09-16T16:41:36.312Z"}
{"level":"info","message":"User logged in: nira24@gmail.com","timestamp":"2025-09-16T16:42:39.032Z"}
{"level":"info","message":"Connected to MongoDB","timestamp":"2025-09-16T16:53:07.175Z"}
{"level":"info","message":"Connected to MongoDB","timestamp":"2025-09-18T03:42:16.284Z"}
{"level":"info","message":"Connected to MongoDB","timestamp":"2025-09-18T04:34:42.897Z"}
{"level":"info","message":"Connected to MongoDB","timestamp":"2025-09-18T07:03:34.867Z"}
{"level":"info","message":"User logged in: rohini289@gmail.com","timestamp":"2025-09-18T07:06:05.488Z"}
{"level":"info","message":"User logged in: rohini289@gmail.com","timestamp":"2025-09-18T07:06:06.836Z"}
{"level":"info","message":"User logged in: rohini289@gmail.com","timestamp":"2025-09-18T07:06:06.981Z"}
{"level":"info","message":"New user registered: santhiya@gmail.com","timestamp":"2025-09-18T07:55:30.653Z"}
{"level":"info","message":"User logged in: santhiya@gmail.com","timestamp":"2025-09-18T07:55:54.019Z"}
{"level":"info","message":"User logged in: santhiya@gmail.com","timestamp":"2025-09-18T07:55:55.005Z"}
{"level":"info","message":"New user registered: sri@gmail.com","timestamp":"2025-09-18T07:56:31.057Z"}
{"level":"info","message":"User logged in: sri@gmail.com","timestamp":"2025-09-18T07:56:52.461Z"}
{"level":"info","message":"Connected to MongoDB","timestamp":"2025-09-18T08:07:54.836Z"}
